<!DOCTYPE html>
<html>
  <head>
    <meta charset="utf-8"/>
    <title>Test Report</title>
    <style>body {
  font-family: Helvetica, Arial, sans-serif;
  font-size: 12px;
  /* do not increase min-width as some may use split screens */
  min-width: 800px;
  color: #999;
}

h1 {
  font-size: 24px;
  color: black;
}

h2 {
  font-size: 16px;
  color: black;
}

p {
  color: black;
}

a {
  color: #999;
}

table {
  border-collapse: collapse;
}

/******************************
 * SUMMARY INFORMATION
 ******************************/
#environment td {
  padding: 5px;
  border: 1px solid #E6E6E6;
}
#environment tr:nth-child(odd) {
  background-color: #f6f6f6;
}

/******************************
 * TEST RESULT COLORS
 ******************************/
span.passed,
.passed .col-result {
  color: green;
}

span.skipped,
span.xfailed,
span.rerun,
.skipped .col-result,
.xfailed .col-result,
.rerun .col-result {
  color: orange;
}

span.error,
span.failed,
span.xpassed,
.error .col-result,
.failed .col-result,
.xpassed .col-result {
  color: red;
}

/******************************
 * RESULTS TABLE
 *
 * 1. Table Layout
 * 2. Extra
 * 3. Sorting items
 *
 ******************************/
/*------------------
 * 1. Table Layout
 *------------------*/
#results-table {
  border: 1px solid #e6e6e6;
  color: #999;
  font-size: 12px;
  width: 100%;
}
#results-table th,
#results-table td {
  padding: 5px;
  border: 1px solid #E6E6E6;
  text-align: left;
}
#results-table th {
  font-weight: bold;
}

/*------------------
 * 2. Extra
 *------------------*/
.log {
  background-color: #e6e6e6;
  border: 1px solid #e6e6e6;
  color: black;
  display: block;
  font-family: "Courier New", Courier, monospace;
  height: 230px;
  overflow-y: scroll;
  padding: 5px;
  white-space: pre-wrap;
}
.log:only-child {
  height: inherit;
}

div.image {
  border: 1px solid #e6e6e6;
  float: right;
  height: 240px;
  margin-left: 5px;
  overflow: hidden;
  width: 320px;
}
div.image img {
  width: 320px;
}

div.video {
  border: 1px solid #e6e6e6;
  float: right;
  height: 240px;
  margin-left: 5px;
  overflow: hidden;
  width: 320px;
}
div.video video {
  overflow: hidden;
  width: 320px;
  height: 240px;
}

.collapsed {
  display: none;
}

.expander::after {
  content: " (show details)";
  color: #BBB;
  font-style: italic;
  cursor: pointer;
}

.collapser::after {
  content: " (hide details)";
  color: #BBB;
  font-style: italic;
  cursor: pointer;
}

/*------------------
 * 3. Sorting items
 *------------------*/
.sortable {
  cursor: pointer;
}

.sort-icon {
  font-size: 0px;
  float: left;
  margin-right: 5px;
  margin-top: 5px;
  /*triangle*/
  width: 0;
  height: 0;
  border-left: 8px solid transparent;
  border-right: 8px solid transparent;
}
.inactive .sort-icon {
  /*finish triangle*/
  border-top: 8px solid #E6E6E6;
}
.asc.active .sort-icon {
  /*finish triangle*/
  border-bottom: 8px solid #999;
}
.desc.active .sort-icon {
  /*finish triangle*/
  border-top: 8px solid #999;
}
</style></head>
  <body onLoad="init()">
    <script>/* This Source Code Form is subject to the terms of the Mozilla Public
 * License, v. 2.0. If a copy of the MPL was not distributed with this file,
 * You can obtain one at http://mozilla.org/MPL/2.0/. */


function toArray(iter) {
    if (iter === null) {
        return null;
    }
    return Array.prototype.slice.call(iter);
}

function find(selector, elem) { // eslint-disable-line no-redeclare
    if (!elem) {
        elem = document;
    }
    return elem.querySelector(selector);
}

function findAll(selector, elem) {
    if (!elem) {
        elem = document;
    }
    return toArray(elem.querySelectorAll(selector));
}

function sortColumn(elem) {
    toggleSortStates(elem);
    const colIndex = toArray(elem.parentNode.childNodes).indexOf(elem);
    let key;
    if (elem.classList.contains('result')) {
        key = keyResult;
    } else if (elem.classList.contains('links')) {
        key = keyLink;
    } else {
        key = keyAlpha;
    }
    sortTable(elem, key(colIndex));
}

function showAllExtras() { // eslint-disable-line no-unused-vars
    findAll('.col-result').forEach(showExtras);
}

function hideAllExtras() { // eslint-disable-line no-unused-vars
    findAll('.col-result').forEach(hideExtras);
}

function showExtras(colresultElem) {
    const extras = colresultElem.parentNode.nextElementSibling;
    const expandcollapse = colresultElem.firstElementChild;
    extras.classList.remove('collapsed');
    expandcollapse.classList.remove('expander');
    expandcollapse.classList.add('collapser');
}

function hideExtras(colresultElem) {
    const extras = colresultElem.parentNode.nextElementSibling;
    const expandcollapse = colresultElem.firstElementChild;
    extras.classList.add('collapsed');
    expandcollapse.classList.remove('collapser');
    expandcollapse.classList.add('expander');
}

function showFilters() {
    const filterItems = document.getElementsByClassName('filter');
    for (let i = 0; i < filterItems.length; i++)
        filterItems[i].hidden = false;
}

function addCollapse() {
    // Add links for show/hide all
    const resulttable = find('table#results-table');
    const showhideall = document.createElement('p');
    showhideall.innerHTML = '<a href="javascript:showAllExtras()">Show all details</a> / ' +
                            '<a href="javascript:hideAllExtras()">Hide all details</a>';
    resulttable.parentElement.insertBefore(showhideall, resulttable);

    // Add show/hide link to each result
    findAll('.col-result').forEach(function(elem) {
        const collapsed = getQueryParameter('collapsed') || 'Passed';
        const extras = elem.parentNode.nextElementSibling;
        const expandcollapse = document.createElement('span');
        if (extras.classList.contains('collapsed')) {
            expandcollapse.classList.add('expander');
        } else if (collapsed.includes(elem.innerHTML)) {
            extras.classList.add('collapsed');
            expandcollapse.classList.add('expander');
        } else {
            expandcollapse.classList.add('collapser');
        }
        elem.appendChild(expandcollapse);

        elem.addEventListener('click', function(event) {
            if (event.currentTarget.parentNode.nextElementSibling.classList.contains('collapsed')) {
                showExtras(event.currentTarget);
            } else {
                hideExtras(event.currentTarget);
            }
        });
    });
}

function getQueryParameter(name) {
    const match = RegExp('[?&]' + name + '=([^&]*)').exec(window.location.search);
    return match && decodeURIComponent(match[1].replace(/\+/g, ' '));
}

function init () { // eslint-disable-line no-unused-vars
    resetSortHeaders();

    addCollapse();

    showFilters();

    sortColumn(find('.initial-sort'));

    findAll('.sortable').forEach(function(elem) {
        elem.addEventListener('click',
            function() {
                sortColumn(elem);
            }, false);
    });
}

function sortTable(clicked, keyFunc) {
    const rows = findAll('.results-table-row');
    const reversed = !clicked.classList.contains('asc');
    const sortedRows = sort(rows, keyFunc, reversed);
    /* Whole table is removed here because browsers acts much slower
     * when appending existing elements.
     */
    const thead = document.getElementById('results-table-head');
    document.getElementById('results-table').remove();
    const parent = document.createElement('table');
    parent.id = 'results-table';
    parent.appendChild(thead);
    sortedRows.forEach(function(elem) {
        parent.appendChild(elem);
    });
    document.getElementsByTagName('BODY')[0].appendChild(parent);
}

function sort(items, keyFunc, reversed) {
    const sortArray = items.map(function(item, i) {
        return [keyFunc(item), i];
    });

    sortArray.sort(function(a, b) {
        const keyA = a[0];
        const keyB = b[0];

        if (keyA == keyB) return 0;

        if (reversed) {
            return keyA < keyB ? 1 : -1;
        } else {
            return keyA > keyB ? 1 : -1;
        }
    });

    return sortArray.map(function(item) {
        const index = item[1];
        return items[index];
    });
}

function keyAlpha(colIndex) {
    return function(elem) {
        return elem.childNodes[1].childNodes[colIndex].firstChild.data.toLowerCase();
    };
}

function keyLink(colIndex) {
    return function(elem) {
        const dataCell = elem.childNodes[1].childNodes[colIndex].firstChild;
        return dataCell == null ? '' : dataCell.innerText.toLowerCase();
    };
}

function keyResult(colIndex) {
    return function(elem) {
        const strings = ['Error', 'Failed', 'Rerun', 'XFailed', 'XPassed',
            'Skipped', 'Passed'];
        return strings.indexOf(elem.childNodes[1].childNodes[colIndex].firstChild.data);
    };
}

function resetSortHeaders() {
    findAll('.sort-icon').forEach(function(elem) {
        elem.parentNode.removeChild(elem);
    });
    findAll('.sortable').forEach(function(elem) {
        const icon = document.createElement('div');
        icon.className = 'sort-icon';
        icon.textContent = 'vvv';
        elem.insertBefore(icon, elem.firstChild);
        elem.classList.remove('desc', 'active');
        elem.classList.add('asc', 'inactive');
    });
}

function toggleSortStates(elem) {
    //if active, toggle between asc and desc
    if (elem.classList.contains('active')) {
        elem.classList.toggle('asc');
        elem.classList.toggle('desc');
    }

    //if inactive, reset all other functions and add ascending active
    if (elem.classList.contains('inactive')) {
        resetSortHeaders();
        elem.classList.remove('inactive');
        elem.classList.add('active');
    }
}

function isAllRowsHidden(value) {
    return value.hidden == false;
}

function filterTable(elem) { // eslint-disable-line no-unused-vars
    const outcomeAtt = 'data-test-result';
    const outcome = elem.getAttribute(outcomeAtt);
    const classOutcome = outcome + ' results-table-row';
    const outcomeRows = document.getElementsByClassName(classOutcome);

    for(let i = 0; i < outcomeRows.length; i++){
        outcomeRows[i].hidden = !elem.checked;
    }

    const rows = findAll('.results-table-row').filter(isAllRowsHidden);
    const allRowsHidden = rows.length == 0 ? true : false;
    const notFoundMessage = document.getElementById('not-found-message');
    notFoundMessage.hidden = !allRowsHidden;
}
</script>
    <h1>pytest示例项目测试报告</h1>
    <p>Report generated on 22-Mar-2022 at 17:26:38 by <a href="https://pypi.python.org/pypi/pytest-html">pytest-html</a> v3.1.1</p>
    <h2>Environment</h2>
    <table id="environment">
      <tr>
        <td>测试地址</td>
        <td><a href="http://hhh.ezone-test.work" target="_blank">http://hhh.ezone-test.work</a></td></tr>
      <tr>
        <td>测试项目</td>
        <td>简单云测试</td></tr></table>
    <h2>Summary</h2>
    <p>所属部门: XX公司测试部</p>
    <p>测试执行人: xx</p>
    <p>3 tests ran in 85.11 seconds. </p>
    <p class="filter" hidden="true">(Un)check the boxes to filter the results.</p><input checked="true" class="filter" data-test-result="passed" disabled="true" hidden="true" name="filter_checkbox" onChange="filterTable(this)" type="checkbox"/><span class="passed">0 passed</span>, <input checked="true" class="filter" data-test-result="skipped" disabled="true" hidden="true" name="filter_checkbox" onChange="filterTable(this)" type="checkbox"/><span class="skipped">0 skipped</span>, <input checked="true" class="filter" data-test-result="failed" hidden="true" name="filter_checkbox" onChange="filterTable(this)" type="checkbox"/><span class="failed">3 failed</span>, <input checked="true" class="filter" data-test-result="error" disabled="true" hidden="true" name="filter_checkbox" onChange="filterTable(this)" type="checkbox"/><span class="error">0 errors</span>, <input checked="true" class="filter" data-test-result="xfailed" disabled="true" hidden="true" name="filter_checkbox" onChange="filterTable(this)" type="checkbox"/><span class="xfailed">0 expected failures</span>, <input checked="true" class="filter" data-test-result="xpassed" disabled="true" hidden="true" name="filter_checkbox" onChange="filterTable(this)" type="checkbox"/><span class="xpassed">0 unexpected passes</span>
    <h2>Results</h2>
    <table id="results-table">
      <thead id="results-table-head">
        <tr>
          <th class="sortable result initial-sort" col="result">Result</th>
          <th>用例名称</th>
          <th class="sortable" col="name">Test</th>
          <th class="sortable" col="duration">Duration</th>
          <th class="sortable links" col="links">Links</th></tr>
        <tr hidden="true" id="not-found-message">
          <th colspan="5">No results found. Try to check the filters</th></tr></thead>
      <tbody class="failed results-table-row">
        <tr>
          <td class="col-result">Failed</td>
          <td>创建测试管理空间</td>
          <td class="col-name">TestCase/test_testmanage.py::TestTestManage::test_create_manage</td>
          <td class="col-duration">42.98</td>
          <td class="col-links"></td></tr>
        <tr>
          <td class="extra" colspan="5">
            <div class="log">self = &lt;TestCase.test_testmanage.TestTestManage object at 0x7fd5490c7ed0&gt;<br/>drivers = &lt;selenium.webdriver.remote.webdriver.WebDriver (session=&quot;6a1b1c6cd9acea3081e33cd146b3917e&quot;)&gt;<br/><br/>    def test_create_manage(self, drivers):<br/>        &quot;&quot;&quot;创建测试管理空间&quot;&quot;&quot;<br/>        testmange = TestManage(drivers)<br/>        testmange.click_test_manage()<br/>&gt;       testmange.click_create_button()<br/><br/>test_testmanage.py:36: <br/>_ _ _ _ _ _ _ _ _ _ _ _ _ _ _ _ _ _ _ _ _ _ _ _ _ _ _ _ _ _ _ _ _ _ _ _ _ _ _ _ <br/>../page_object/testmanagepage.py:19: in click_create_button<br/>    self.is_click(testmanage[&#x27;新建&#x27;])<br/>../page/webpage.py:87: in is_click<br/>    ele = self.find_element(locator)<br/>../page/webpage.py:50: in find_element<br/>    EC.presence_of_element_located(args)), locator)<br/>../page/webpage.py:45: in element_locator<br/>    return func(cm.LOCATE_MODE[name], value)<br/>../page/webpage.py:50: in &lt;lambda&gt;<br/>    EC.presence_of_element_located(args)), locator)<br/>_ _ _ _ _ _ _ _ _ _ _ _ _ _ _ _ _ _ _ _ _ _ _ _ _ _ _ _ _ _ _ _ _ _ _ _ _ _ _ _ <br/><br/>self = &lt;selenium.webdriver.support.wait.WebDriverWait (session=&quot;6a1b1c6cd9acea3081e33cd146b3917e&quot;)&gt;<br/>method = &lt;function presence_of_element_located.&lt;locals&gt;._predicate at 0x7fd5490db8c0&gt;<br/>message = &#x27;&#x27;<br/><br/>    def until(self, method, message=&#x27;&#x27;):<br/>        &quot;&quot;&quot;Calls the method provided with the driver as an argument until the \<br/>        return value does not evaluate to ``False``.<br/>    <br/>        :param method: callable(WebDriver)<br/>        :param message: optional message for :exc:`TimeoutException`<br/>        :returns: the result of the last call to `method`<br/>        :raises: :exc:`selenium.common.exceptions.TimeoutException` if timeout occurs<br/>        &quot;&quot;&quot;<br/>        screen = None<br/>        stacktrace = None<br/>    <br/>        end_time = time.time() + self._timeout<br/>        while True:<br/>            try:<br/>                value = method(self._driver)<br/>                if value:<br/>                    return value<br/>            except InvalidSelectorException as e:<br/>                raise e<br/>            except self._ignored_exceptions as exc:<br/>                screen = getattr(exc, &#x27;screen&#x27;, None)<br/>                stacktrace = getattr(exc, &#x27;stacktrace&#x27;, None)<br/>            time.sleep(self._poll)<br/>            if time.time() &gt; end_time:<br/>                break<br/>&gt;       raise TimeoutException(message, screen, stacktrace)<br/><span class="error">E       selenium.common.exceptions.TimeoutException: Message: </span><br/><span class="error">E       Stacktrace:</span><br/><span class="error">E       0   chromedriver                        0x0000000100d65408 __gxx_personality_v0 + 543364</span><br/><span class="error">E       1   chromedriver                        0x0000000100cfb138 __gxx_personality_v0 + 108468</span><br/><span class="error">E       2   chromedriver                        0x00000001008fa7d8 chromedriver + 157656</span><br/><span class="error">E       3   chromedriver                        0x000000010092a374 chromedriver + 353140</span><br/><span class="error">E       4   chromedriver                        0x00000001009537d4 chromedriver + 522196</span><br/><span class="error">E       5   chromedriver                        0x000000010091f238 chromedriver + 307768</span><br/><span class="error">E       6   chromedriver                        0x0000000100d28c7c __gxx_personality_v0 + 295672</span><br/><span class="error">E       7   chromedriver                        0x0000000100d3cbd8 __gxx_personality_v0 + 377428</span><br/><span class="error">E       8   chromedriver                        0x0000000100d412b0 __gxx_personality_v0 + 395564</span><br/><span class="error">E       9   chromedriver                        0x0000000100d3d9f8 __gxx_personality_v0 + 381044</span><br/><span class="error">E       10  chromedriver                        0x0000000100d1e754 __gxx_personality_v0 + 253392</span><br/><span class="error">E       11  chromedriver                        0x0000000100d56a38 __gxx_personality_v0 + 483508</span><br/><span class="error">E       12  chromedriver                        0x0000000100d56bac __gxx_personality_v0 + 483880</span><br/><span class="error">E       13  chromedriver                        0x0000000100d6bfec __gxx_personality_v0 + 570984</span><br/><span class="error">E       14  libsystem_pthread.dylib             0x000000019d0ee06c _pthread_start + 320</span><br/><span class="error">E       15  libsystem_pthread.dylib             0x000000019d0e8da0 thread_start + 8</span><br/><br/>/Library/Frameworks/Python.framework/Versions/3.7/lib/python3.7/site-packages/selenium/webdriver/support/wait.py:89: TimeoutException<br/> -----------------------------Captured stderr setup------------------------------ <br/>Tue, 22 Mar 2022 17:25:24-page.webpage-webpage.py-[line:37]-INFO-[日志信息]: 打开网页：http://hhh.ezone-test.work
Tue, 22 Mar 2022 17:25:29-page.webpage-webpage.py-[line:90]-INFO-[日志信息]: 点击元素：(&#x27;class&#x27;, &#x27;_buttonLink_1fhgk_165&#x27;)
Tue, 22 Mar 2022 17:25:30-page.webpage-webpage.py-[line:73]-INFO-[日志信息]: 输入文本：admin
Tue, 22 Mar 2022 17:25:31-page.webpage-webpage.py-[line:73]-INFO-[日志信息]: 输入文本：a12341234
Tue, 22 Mar 2022 17:25:32-page.webpage-webpage.py-[line:90]-INFO-[日志信息]: 点击元素：(&#x27;css&#x27;, &#x27;div._pageRoot_vnh37_51:nth-child(2) div._root_vnh37_1 div.ant-tabs.ant-tabs-top.ant-tabs-centered._tabsRoot_vnh37_37 div.ant-tabs-content-holder div.ant-tabs-content.ant-tabs-content-top div.ant-tabs-tabpane.ant-tabs-tabpane-active:nth-child(1) form.ant-legacy-form.ant-legacy-form-horizontal._form_vnh37_19 div.ant-row.ant-legacy-form-item:nth-child(4) div.ant-col.ant-legacy-form-item-control-wrapper div.ant-legacy-form-item-control span.ant-legacy-form-item-children button.ant-btn.ant-btn-primary.ant-btn-block &gt; span:nth-child(1)&#x27;)
<br/> -------------------------------Captured log setup------------------------------- <br/>INFO     page.webpage:webpage.py:37 打开网页：http://hhh.ezone-test.work
INFO     page.webpage:webpage.py:90 点击元素：(&#x27;class&#x27;, &#x27;_buttonLink_1fhgk_165&#x27;)
INFO     page.webpage:webpage.py:73 输入文本：admin
INFO     page.webpage:webpage.py:73 输入文本：a12341234
INFO     page.webpage:webpage.py:90 点击元素：(&#x27;css&#x27;, &#x27;div._pageRoot_vnh37_51:nth-child(2) div._root_vnh37_1 div.ant-tabs.ant-tabs-top.ant-tabs-centered._tabsRoot_vnh37_37 div.ant-tabs-content-holder div.ant-tabs-content.ant-tabs-content-top div.ant-tabs-tabpane.ant-tabs-tabpane-active:nth-child(1) form.ant-legacy-form.ant-legacy-form-horizontal._form_vnh37_19 div.ant-row.ant-legacy-form-item:nth-child(4) div.ant-col.ant-legacy-form-item-control-wrapper div.ant-legacy-form-item-control span.ant-legacy-form-item-children button.ant-btn.ant-btn-primary.ant-btn-block &gt; span:nth-child(1)&#x27;)<br/> ------------------------------Captured stderr call------------------------------ <br/>Tue, 22 Mar 2022 17:25:32-utils.logger-conftest.py-[line:66]-INFO-[日志信息]: nodeid：TestCase/test_testmanage.py::TestTestManage::test_create_manage
Tue, 22 Mar 2022 17:25:32-utils.logger-conftest.py-[line:67]-INFO-[日志信息]: 运行结果: passed
Tue, 22 Mar 2022 17:25:35-page.webpage-webpage.py-[line:90]-INFO-[日志信息]: 点击元素：(&#x27;xpath&#x27;, &#x27;/html[1]/body[1]/div[2]/div[2]/div[1]/div[1]/div[1]/div[10]/a[1]/div[1]&#x27;)
<br/> -------------------------------Captured log call-------------------------------- <br/>INFO     page.webpage:webpage.py:90 点击元素：(&#x27;xpath&#x27;, &#x27;/html[1]/body[1]/div[2]/div[2]/div[1]/div[1]/div[1]/div[10]/a[1]/div[1]&#x27;)<br/> ----------------------------Captured stderr teardown---------------------------- <br/>Tue, 22 Mar 2022 17:25:56-utils.logger-conftest.py-[line:66]-INFO-[日志信息]: nodeid：TestCase/test_testmanage.py::TestTestManage::test_create_manage
Tue, 22 Mar 2022 17:25:56-utils.logger-conftest.py-[line:67]-INFO-[日志信息]: 运行结果: failed
<br/></div></td></tr></tbody>
      <tbody class="failed results-table-row">
        <tr>
          <td class="col-result">Failed</td>
          <td>创建用例</td>
          <td class="col-name">TestCase/test_testmanage.py::TestTestManage::test_create_card</td>
          <td class="col-duration">19.63</td>
          <td class="col-links"></td></tr>
        <tr>
          <td class="extra" colspan="5">
            <div class="log">self = &lt;TestCase.test_testmanage.TestTestManage object at 0x7fd5490c7f90&gt;<br/>drivers = &lt;selenium.webdriver.remote.webdriver.WebDriver (session=&quot;6a1b1c6cd9acea3081e33cd146b3917e&quot;)&gt;<br/><br/>    def test_create_card(self, drivers):<br/>        &quot;&quot;&quot;创建用例&quot;&quot;&quot;<br/>        testmange = TestManage(drivers)<br/>        testmange.click_first_test_space()<br/>        testmange.click_new_case()<br/>        case_name = &quot;这是ui自动化测试&quot;<br/>        testmange.input_case_name(case_name)<br/>        testmange.click_charge_man()<br/>        testmange.click_charge_man()  # 选择负责人待优化<br/>&gt;       testmange.click_create_new_step()<br/><br/>test_testmanage.py:51: <br/>_ _ _ _ _ _ _ _ _ _ _ _ _ _ _ _ _ _ _ _ _ _ _ _ _ _ _ _ _ _ _ _ _ _ _ _ _ _ _ _ <br/>../page_object/testmanagepage.py:57: in click_create_new_step<br/>    self.is_click(testmanage[&#x27;新增步骤&#x27;])<br/>../page/webpage.py:88: in is_click<br/>    ele.click()<br/>/Library/Frameworks/Python.framework/Versions/3.7/lib/python3.7/site-packages/selenium/webdriver/remote/webelement.py:81: in click<br/>    self._execute(Command.CLICK_ELEMENT)<br/>/Library/Frameworks/Python.framework/Versions/3.7/lib/python3.7/site-packages/selenium/webdriver/remote/webelement.py:710: in _execute<br/>    return self._parent.execute(command, params)<br/>/Library/Frameworks/Python.framework/Versions/3.7/lib/python3.7/site-packages/selenium/webdriver/remote/webdriver.py:424: in execute<br/>    self.error_handler.check_response(response)<br/>_ _ _ _ _ _ _ _ _ _ _ _ _ _ _ _ _ _ _ _ _ _ _ _ _ _ _ _ _ _ _ _ _ _ _ _ _ _ _ _ <br/><br/>self = &lt;selenium.webdriver.remote.errorhandler.ErrorHandler object at 0x7fd52823d250&gt;<br/>response = {&#x27;status&#x27;: 400, &#x27;value&#x27;: &#x27;{&quot;value&quot;:{&quot;error&quot;:&quot;element click intercepted&quot;,&quot;message&quot;:&quot;element click intercepted: Element ...00019d0ee06c _pthread_start + 320\\n20  libsystem_pthread.dylib             0x000000019d0e8da0 thread_start + 8\\n&quot;}}&#x27;}<br/><br/>    def check_response(self, response: Dict[str, Any]) -&gt; None:<br/>        &quot;&quot;&quot;<br/>        Checks that a JSON response from the WebDriver does not have an error.<br/>    <br/>        :Args:<br/>         - response - The JSON response from the WebDriver server as a dictionary<br/>           object.<br/>    <br/>        :Raises: If the response contains an error message.<br/>        &quot;&quot;&quot;<br/>        status = response.get(&#x27;status&#x27;, None)<br/>        if not status or status == ErrorCode.SUCCESS:<br/>            return<br/>        value = None<br/>        message = response.get(&quot;message&quot;, &quot;&quot;)<br/>        screen: str = response.get(&quot;screen&quot;, &quot;&quot;)<br/>        stacktrace = None<br/>        if isinstance(status, int):<br/>            value_json = response.get(&#x27;value&#x27;, None)<br/>            if value_json and isinstance(value_json, str):<br/>                import json<br/>                try:<br/>                    value = json.loads(value_json)<br/>                    if len(value.keys()) == 1:<br/>                        value = value[&#x27;value&#x27;]<br/>                    status = value.get(&#x27;error&#x27;, None)<br/>                    if not status:<br/>                        status = value.get(&quot;status&quot;, ErrorCode.UNKNOWN_ERROR)<br/>                        message = value.get(&quot;value&quot;) or value.get(&quot;message&quot;)<br/>                        if not isinstance(message, str):<br/>                            value = message<br/>                            message = message.get(&#x27;message&#x27;)<br/>                    else:<br/>                        message = value.get(&#x27;message&#x27;, None)<br/>                except ValueError:<br/>                    pass<br/>    <br/>        exception_class: Type[WebDriverException]<br/>        if status in ErrorCode.NO_SUCH_ELEMENT:<br/>            exception_class = NoSuchElementException<br/>        elif status in ErrorCode.NO_SUCH_FRAME:<br/>            exception_class = NoSuchFrameException<br/>        elif status in ErrorCode.NO_SUCH_SHADOW_ROOT:<br/>            exception_class = NoSuchShadowRootException<br/>        elif status in ErrorCode.NO_SUCH_WINDOW:<br/>            exception_class = NoSuchWindowException<br/>        elif status in ErrorCode.STALE_ELEMENT_REFERENCE:<br/>            exception_class = StaleElementReferenceException<br/>        elif status in ErrorCode.ELEMENT_NOT_VISIBLE:<br/>            exception_class = ElementNotVisibleException<br/>        elif status in ErrorCode.INVALID_ELEMENT_STATE:<br/>            exception_class = InvalidElementStateException<br/>        elif status in ErrorCode.INVALID_SELECTOR \<br/>                or status in ErrorCode.INVALID_XPATH_SELECTOR \<br/>                or status in ErrorCode.INVALID_XPATH_SELECTOR_RETURN_TYPER:<br/>            exception_class = InvalidSelectorException<br/>        elif status in ErrorCode.ELEMENT_IS_NOT_SELECTABLE:<br/>            exception_class = ElementNotSelectableException<br/>        elif status in ErrorCode.ELEMENT_NOT_INTERACTABLE:<br/>            exception_class = ElementNotInteractableException<br/>        elif status in ErrorCode.INVALID_COOKIE_DOMAIN:<br/>            exception_class = InvalidCookieDomainException<br/>        elif status in ErrorCode.UNABLE_TO_SET_COOKIE:<br/>            exception_class = UnableToSetCookieException<br/>        elif status in ErrorCode.TIMEOUT:<br/>            exception_class = TimeoutException<br/>        elif status in ErrorCode.SCRIPT_TIMEOUT:<br/>            exception_class = TimeoutException<br/>        elif status in ErrorCode.UNKNOWN_ERROR:<br/>            exception_class = WebDriverException<br/>        elif status in ErrorCode.UNEXPECTED_ALERT_OPEN:<br/>            exception_class = UnexpectedAlertPresentException<br/>        elif status in ErrorCode.NO_ALERT_OPEN:<br/>            exception_class = NoAlertPresentException<br/>        elif status in ErrorCode.IME_NOT_AVAILABLE:<br/>            exception_class = ImeNotAvailableException<br/>        elif status in ErrorCode.IME_ENGINE_ACTIVATION_FAILED:<br/>            exception_class = ImeActivationFailedException<br/>        elif status in ErrorCode.MOVE_TARGET_OUT_OF_BOUNDS:<br/>            exception_class = MoveTargetOutOfBoundsException<br/>        elif status in ErrorCode.JAVASCRIPT_ERROR:<br/>            exception_class = JavascriptException<br/>        elif status in ErrorCode.SESSION_NOT_CREATED:<br/>            exception_class = SessionNotCreatedException<br/>        elif status in ErrorCode.INVALID_ARGUMENT:<br/>            exception_class = InvalidArgumentException<br/>        elif status in ErrorCode.NO_SUCH_COOKIE:<br/>            exception_class = NoSuchCookieException<br/>        elif status in ErrorCode.UNABLE_TO_CAPTURE_SCREEN:<br/>            exception_class = ScreenshotException<br/>        elif status in ErrorCode.ELEMENT_CLICK_INTERCEPTED:<br/>            exception_class = ElementClickInterceptedException<br/>        elif status in ErrorCode.INSECURE_CERTIFICATE:<br/>            exception_class = InsecureCertificateException<br/>        elif status in ErrorCode.INVALID_COORDINATES:<br/>            exception_class = InvalidCoordinatesException<br/>        elif status in ErrorCode.INVALID_SESSION_ID:<br/>            exception_class = InvalidSessionIdException<br/>        elif status in ErrorCode.UNKNOWN_METHOD:<br/>            exception_class = UnknownMethodException<br/>        else:<br/>            exception_class = WebDriverException<br/>        if not value:<br/>            value = response[&#x27;value&#x27;]<br/>        if isinstance(value, str):<br/>            raise exception_class(value)<br/>        if message == &quot;&quot; and &#x27;message&#x27; in value:<br/>            message = value[&#x27;message&#x27;]<br/>    <br/>        screen = None  # type: ignore[assignment]<br/>        if &#x27;screen&#x27; in value:<br/>            screen = value[&#x27;screen&#x27;]<br/>    <br/>        stacktrace = None<br/>        st_value = value.get(&#x27;stackTrace&#x27;) or value.get(&#x27;stacktrace&#x27;)<br/>        if st_value:<br/>            if isinstance(st_value, str):<br/>                stacktrace = st_value.split(&#x27;\n&#x27;)<br/>            else:<br/>                stacktrace = []<br/>                try:<br/>                    for frame in st_value:<br/>                        line = self._value_or_default(frame, &#x27;lineNumber&#x27;, &#x27;&#x27;)<br/>                        file = self._value_or_default(frame, &#x27;fileName&#x27;, &#x27;&lt;anonymous&gt;&#x27;)<br/>                        if line:<br/>                            file = &quot;%s:%s&quot; % (file, line)<br/>                        meth = self._value_or_default(frame, &#x27;methodName&#x27;, &#x27;&lt;anonymous&gt;&#x27;)<br/>                        if &#x27;className&#x27; in frame:<br/>                            meth = &quot;%s.%s&quot; % (frame[&#x27;className&#x27;], meth)<br/>                        msg = &quot;    at %s (%s)&quot;<br/>                        msg = msg % (meth, file)<br/>                        stacktrace.append(msg)<br/>                except TypeError:<br/>                    pass<br/>        if exception_class == UnexpectedAlertPresentException:<br/>            alert_text = None<br/>            if &#x27;data&#x27; in value:<br/>                alert_text = value[&#x27;data&#x27;].get(&#x27;text&#x27;)<br/>            elif &#x27;alert&#x27; in value:<br/>                alert_text = value[&#x27;alert&#x27;].get(&#x27;text&#x27;)<br/>            raise exception_class(message, screen, stacktrace, alert_text)  # type: ignore[call-arg]  # mypy is not smart enough here<br/>&gt;       raise exception_class(message, screen, stacktrace)<br/><span class="error">E       selenium.common.exceptions.ElementClickInterceptedException: Message: element click intercepted: Element &lt;div class=&quot;_addLabel_1sbmn_72&quot;&gt;...&lt;/div&gt; is not clickable at point (236, 687). Other element would receive the click: &lt;div style=&quot;position: absolute; right: 0px; bottom: 0px; width: 100%; border-top: 1px solid rgb(233, 233, 233); padding: 10px 16px; background: rgb(255, 255, 255); text-align: right; z-index: 9;&quot;&gt;...&lt;/div&gt;</span><br/><span class="error">E         (Session info: chrome=96.0.4664.55)</span><br/><span class="error">E       Stacktrace:</span><br/><span class="error">E       0   chromedriver                        0x0000000100d65408 __gxx_personality_v0 + 543364</span><br/><span class="error">E       1   chromedriver                        0x0000000100cfb138 __gxx_personality_v0 + 108468</span><br/><span class="error">E       2   chromedriver                        0x00000001008fa7d8 chromedriver + 157656</span><br/><span class="error">E       3   chromedriver                        0x0000000100930530 chromedriver + 378160</span><br/><span class="error">E       4   chromedriver                        0x000000010092e75c chromedriver + 370524</span><br/><span class="error">E       5   chromedriver                        0x000000010092c570 chromedriver + 361840</span><br/><span class="error">E       6   chromedriver                        0x000000010092b2fc chromedriver + 357116</span><br/><span class="error">E       7   chromedriver                        0x0000000100920d64 chromedriver + 314724</span><br/><span class="error">E       8   chromedriver                        0x000000010092075c chromedriver + 313180</span><br/><span class="error">E       9   chromedriver                        0x00000001009537d4 chromedriver + 522196</span><br/><span class="error">E       10  chromedriver                        0x000000010091f238 chromedriver + 307768</span><br/><span class="error">E       11  chromedriver                        0x0000000100d28c7c __gxx_personality_v0 + 295672</span><br/><span class="error">E       12  chromedriver                        0x0000000100d3cbd8 __gxx_personality_v0 + 377428</span><br/><span class="error">E       13  chromedriver                        0x0000000100d412b0 __gxx_personality_v0 + 395564</span><br/><span class="error">E       14  chromedriver                        0x0000000100d3d9f8 __gxx_personality_v0 + 381044</span><br/><span class="error">E       15  chromedriver                        0x0000000100d1e754 __gxx_personality_v0 + 253392</span><br/><span class="error">E       16  chromedriver                        0x0000000100d56a38 __gxx_personality_v0 + 483508</span><br/><span class="error">E       17  chromedriver                        0x0000000100d56bac __gxx_personality_v0 + 483880</span><br/><span class="error">E       18  chromedriver                        0x0000000100d6bfec __gxx_personality_v0 + 570984</span><br/><span class="error">E       19  libsystem_pthread.dylib             0x000000019d0ee06c _pthread_start + 320</span><br/><span class="error">E       20  libsystem_pthread.dylib             0x000000019d0e8da0 thread_start + 8</span><br/><br/>/Library/Frameworks/Python.framework/Versions/3.7/lib/python3.7/site-packages/selenium/webdriver/remote/errorhandler.py:247: ElementClickInterceptedException<br/> ------------------------------Captured stderr call------------------------------ <br/>Tue, 22 Mar 2022 17:25:56-utils.logger-conftest.py-[line:66]-INFO-[日志信息]: nodeid：TestCase/test_testmanage.py::TestTestManage::test_create_card
Tue, 22 Mar 2022 17:25:56-utils.logger-conftest.py-[line:67]-INFO-[日志信息]: 运行结果: passed
Tue, 22 Mar 2022 17:25:57-page.webpage-webpage.py-[line:90]-INFO-[日志信息]: 点击元素：(&#x27;css&#x27;, &#x27;div._root_j11bm_1:nth-child(3) div._root_1otbf_1 div._right_1otbf_146 div._main_1otbf_154 div.customScrollBar._content_1otbf_168 div.ant-table-wrapper.ant-table-middle div.ant-spin-nested-loading div.ant-spin-container div.ant-table.ant-table-layout-fixed div.ant-table-container div.ant-table-content tbody.ant-table-tbody:nth-child(3) tr.ant-table-row.ant-table-row-level-0:nth-child(1) td.ant-table-cell:nth-child(1) a:nth-child(1) &gt; span._autoTooltipBox_1fp3y_225&#x27;)
Tue, 22 Mar 2022 17:25:58-page.webpage-webpage.py-[line:90]-INFO-[日志信息]: 点击元素：(&#x27;css&#x27;, &#x27;div._root_j11bm_1:nth-child(3) div._root_1otbf_1 div._right_1otbf_146 div._main_1otbf_154 div.customScrollBar._content_1otbf_168 div._example_uof1h_1 div.customScrollBar._right_uof1h_16 div._exampleList_1isev_1 div._header_1fp3y_13._header_1isev_7 div._rightNode_1fp3y_39 div._button_1isev_4 button.ant-btn.ant-btn-primary:nth-child(1) &gt; span:nth-child(1)&#x27;)
Tue, 22 Mar 2022 17:25:59-page.webpage-webpage.py-[line:73]-INFO-[日志信息]: 输入文本：这是ui自动化测试
Tue, 22 Mar 2022 17:26:01-page.webpage-webpage.py-[line:90]-INFO-[日志信息]: 点击元素：(&#x27;css&#x27;, &#x27;div._root_j11bm_1.ant-scrolling-effect:nth-child(3) div.ant-drawer.ant-drawer-right.ant-drawer-open.testAddDrawerContent div.ant-drawer-content-wrapper div.ant-drawer-content div.ant-drawer-wrapper-body div.ant-drawer-body div._root_1nj6q_1 div._main_1nj6q_16 div._left_1nj6q_21 div._caseForm_1nj6q_190 div.customScrollBar._caseContainer_1nj6q_194 form.ant-form.ant-form-vertical.ant-form-hide-required-mark div._base_1nj6q_205:nth-child(1) div.ant-row:nth-child(3) div.ant-col.ant-col-12:nth-child(2) div.ant-row.ant-form-item div.ant-col.ant-form-item-control:nth-child(2) div.ant-form-item-control-input div.ant-form-item-control-input-content div._inlineFlex_1plww_34 &gt; span._tagWrapper_1plww_1&#x27;)
Tue, 22 Mar 2022 17:26:13-page.webpage-webpage.py-[line:90]-INFO-[日志信息]: 点击元素：(&#x27;css&#x27;, &#x27;div._root_j11bm_1.ant-scrolling-effect:nth-child(3) div.ant-drawer.ant-drawer-right.ant-drawer-open.testAddDrawerContent div.ant-drawer-content-wrapper div.ant-drawer-content div.ant-drawer-wrapper-body div.ant-drawer-body div._root_1nj6q_1 div._main_1nj6q_16 div._left_1nj6q_21 div._caseForm_1nj6q_190 div.customScrollBar._caseContainer_1nj6q_194 form.ant-form.ant-form-vertical.ant-form-hide-required-mark div._base_1nj6q_205:nth-child(1) div.ant-row:nth-child(3) div.ant-col.ant-col-12:nth-child(2) div.ant-row.ant-form-item div.ant-col.ant-form-item-control:nth-child(2) div.ant-form-item-control-input div.ant-form-item-control-input-content div._inlineFlex_1plww_34 &gt; span._tagWrapper_1plww_1&#x27;)
<br/> -------------------------------Captured log call-------------------------------- <br/>INFO     page.webpage:webpage.py:90 点击元素：(&#x27;css&#x27;, &#x27;div._root_j11bm_1:nth-child(3) div._root_1otbf_1 div._right_1otbf_146 div._main_1otbf_154 div.customScrollBar._content_1otbf_168 div.ant-table-wrapper.ant-table-middle div.ant-spin-nested-loading div.ant-spin-container div.ant-table.ant-table-layout-fixed div.ant-table-container div.ant-table-content tbody.ant-table-tbody:nth-child(3) tr.ant-table-row.ant-table-row-level-0:nth-child(1) td.ant-table-cell:nth-child(1) a:nth-child(1) &gt; span._autoTooltipBox_1fp3y_225&#x27;)
INFO     page.webpage:webpage.py:90 点击元素：(&#x27;css&#x27;, &#x27;div._root_j11bm_1:nth-child(3) div._root_1otbf_1 div._right_1otbf_146 div._main_1otbf_154 div.customScrollBar._content_1otbf_168 div._example_uof1h_1 div.customScrollBar._right_uof1h_16 div._exampleList_1isev_1 div._header_1fp3y_13._header_1isev_7 div._rightNode_1fp3y_39 div._button_1isev_4 button.ant-btn.ant-btn-primary:nth-child(1) &gt; span:nth-child(1)&#x27;)
INFO     page.webpage:webpage.py:73 输入文本：这是ui自动化测试
INFO     page.webpage:webpage.py:90 点击元素：(&#x27;css&#x27;, &#x27;div._root_j11bm_1.ant-scrolling-effect:nth-child(3) div.ant-drawer.ant-drawer-right.ant-drawer-open.testAddDrawerContent div.ant-drawer-content-wrapper div.ant-drawer-content div.ant-drawer-wrapper-body div.ant-drawer-body div._root_1nj6q_1 div._main_1nj6q_16 div._left_1nj6q_21 div._caseForm_1nj6q_190 div.customScrollBar._caseContainer_1nj6q_194 form.ant-form.ant-form-vertical.ant-form-hide-required-mark div._base_1nj6q_205:nth-child(1) div.ant-row:nth-child(3) div.ant-col.ant-col-12:nth-child(2) div.ant-row.ant-form-item div.ant-col.ant-form-item-control:nth-child(2) div.ant-form-item-control-input div.ant-form-item-control-input-content div._inlineFlex_1plww_34 &gt; span._tagWrapper_1plww_1&#x27;)
INFO     page.webpage:webpage.py:90 点击元素：(&#x27;css&#x27;, &#x27;div._root_j11bm_1.ant-scrolling-effect:nth-child(3) div.ant-drawer.ant-drawer-right.ant-drawer-open.testAddDrawerContent div.ant-drawer-content-wrapper div.ant-drawer-content div.ant-drawer-wrapper-body div.ant-drawer-body div._root_1nj6q_1 div._main_1nj6q_16 div._left_1nj6q_21 div._caseForm_1nj6q_190 div.customScrollBar._caseContainer_1nj6q_194 form.ant-form.ant-form-vertical.ant-form-hide-required-mark div._base_1nj6q_205:nth-child(1) div.ant-row:nth-child(3) div.ant-col.ant-col-12:nth-child(2) div.ant-row.ant-form-item div.ant-col.ant-form-item-control:nth-child(2) div.ant-form-item-control-input div.ant-form-item-control-input-content div._inlineFlex_1plww_34 &gt; span._tagWrapper_1plww_1&#x27;)<br/> ----------------------------Captured stderr teardown---------------------------- <br/>Tue, 22 Mar 2022 17:26:16-utils.logger-conftest.py-[line:66]-INFO-[日志信息]: nodeid：TestCase/test_testmanage.py::TestTestManage::test_create_card
Tue, 22 Mar 2022 17:26:16-utils.logger-conftest.py-[line:67]-INFO-[日志信息]: 运行结果: failed
<br/></div></td></tr></tbody>
      <tbody class="failed results-table-row">
        <tr>
          <td class="col-result">Failed</td>
          <td>创建接口</td>
          <td class="col-name">TestCase/test_testmanage.py::TestTestManage::test_create_interface</td>
          <td class="col-duration">22.31</td>
          <td class="col-links"></td></tr>
        <tr>
          <td class="extra" colspan="5">
            <div class="log">self = &lt;TestCase.test_testmanage.TestTestManage object at 0x7fd53850a250&gt;<br/>drivers = &lt;selenium.webdriver.remote.webdriver.WebDriver (session=&quot;6a1b1c6cd9acea3081e33cd146b3917e&quot;)&gt;<br/><br/>    def test_create_interface(self,drivers):<br/>        &quot;&quot;&quot;创建接口&quot;&quot;&quot;<br/>        testmange = TestManage(drivers)<br/>&gt;       testmange.click_first_test_space()  #如果创建用例被注释则打开<br/><br/>test_testmanage.py:62: <br/>_ _ _ _ _ _ _ _ _ _ _ _ _ _ _ _ _ _ _ _ _ _ _ _ _ _ _ _ _ _ _ _ _ _ _ _ _ _ _ _ <br/>../page_object/testmanagepage.py:36: in click_first_test_space<br/>    self.is_click(testmanage[&#x27;第一个空间&#x27;])<br/>../page/webpage.py:87: in is_click<br/>    ele = self.find_element(locator)<br/>../page/webpage.py:50: in find_element<br/>    EC.presence_of_element_located(args)), locator)<br/>../page/webpage.py:45: in element_locator<br/>    return func(cm.LOCATE_MODE[name], value)<br/>../page/webpage.py:50: in &lt;lambda&gt;<br/>    EC.presence_of_element_located(args)), locator)<br/>_ _ _ _ _ _ _ _ _ _ _ _ _ _ _ _ _ _ _ _ _ _ _ _ _ _ _ _ _ _ _ _ _ _ _ _ _ _ _ _ <br/><br/>self = &lt;selenium.webdriver.support.wait.WebDriverWait (session=&quot;6a1b1c6cd9acea3081e33cd146b3917e&quot;)&gt;<br/>method = &lt;function presence_of_element_located.&lt;locals&gt;._predicate at 0x7fd5385c49e0&gt;<br/>message = &#x27;&#x27;<br/><br/>    def until(self, method, message=&#x27;&#x27;):<br/>        &quot;&quot;&quot;Calls the method provided with the driver as an argument until the \<br/>        return value does not evaluate to ``False``.<br/>    <br/>        :param method: callable(WebDriver)<br/>        :param message: optional message for :exc:`TimeoutException`<br/>        :returns: the result of the last call to `method`<br/>        :raises: :exc:`selenium.common.exceptions.TimeoutException` if timeout occurs<br/>        &quot;&quot;&quot;<br/>        screen = None<br/>        stacktrace = None<br/>    <br/>        end_time = time.time() + self._timeout<br/>        while True:<br/>            try:<br/>                value = method(self._driver)<br/>                if value:<br/>                    return value<br/>            except InvalidSelectorException as e:<br/>                raise e<br/>            except self._ignored_exceptions as exc:<br/>                screen = getattr(exc, &#x27;screen&#x27;, None)<br/>                stacktrace = getattr(exc, &#x27;stacktrace&#x27;, None)<br/>            time.sleep(self._poll)<br/>            if time.time() &gt; end_time:<br/>                break<br/>&gt;       raise TimeoutException(message, screen, stacktrace)<br/><span class="error">E       selenium.common.exceptions.TimeoutException: Message: </span><br/><span class="error">E       Stacktrace:</span><br/><span class="error">E       0   chromedriver                        0x0000000100d65408 __gxx_personality_v0 + 543364</span><br/><span class="error">E       1   chromedriver                        0x0000000100cfb138 __gxx_personality_v0 + 108468</span><br/><span class="error">E       2   chromedriver                        0x00000001008fa7d8 chromedriver + 157656</span><br/><span class="error">E       3   chromedriver                        0x000000010092a374 chromedriver + 353140</span><br/><span class="error">E       4   chromedriver                        0x00000001009537d4 chromedriver + 522196</span><br/><span class="error">E       5   chromedriver                        0x000000010091f238 chromedriver + 307768</span><br/><span class="error">E       6   chromedriver                        0x0000000100d28c7c __gxx_personality_v0 + 295672</span><br/><span class="error">E       7   chromedriver                        0x0000000100d3cbd8 __gxx_personality_v0 + 377428</span><br/><span class="error">E       8   chromedriver                        0x0000000100d412b0 __gxx_personality_v0 + 395564</span><br/><span class="error">E       9   chromedriver                        0x0000000100d3d9f8 __gxx_personality_v0 + 381044</span><br/><span class="error">E       10  chromedriver                        0x0000000100d1e754 __gxx_personality_v0 + 253392</span><br/><span class="error">E       11  chromedriver                        0x0000000100d56a38 __gxx_personality_v0 + 483508</span><br/><span class="error">E       12  chromedriver                        0x0000000100d56bac __gxx_personality_v0 + 483880</span><br/><span class="error">E       13  chromedriver                        0x0000000100d6bfec __gxx_personality_v0 + 570984</span><br/><span class="error">E       14  libsystem_pthread.dylib             0x000000019d0ee06c _pthread_start + 320</span><br/><span class="error">E       15  libsystem_pthread.dylib             0x000000019d0e8da0 thread_start + 8</span><br/><br/>/Library/Frameworks/Python.framework/Versions/3.7/lib/python3.7/site-packages/selenium/webdriver/support/wait.py:89: TimeoutException<br/> ------------------------------Captured stderr call------------------------------ <br/>Tue, 22 Mar 2022 17:26:16-utils.logger-conftest.py-[line:66]-INFO-[日志信息]: nodeid：TestCase/test_testmanage.py::TestTestManage::test_create_interface
Tue, 22 Mar 2022 17:26:16-utils.logger-conftest.py-[line:67]-INFO-[日志信息]: 运行结果: passed
<br/> ----------------------------Captured stderr teardown---------------------------- <br/>Tue, 22 Mar 2022 17:26:37-utils.logger-conftest.py-[line:66]-INFO-[日志信息]: nodeid：TestCase/test_testmanage.py::TestTestManage::test_create_interface
Tue, 22 Mar 2022 17:26:37-utils.logger-conftest.py-[line:67]-INFO-[日志信息]: 运行结果: failed
<br/></div></td></tr></tbody></table></body></html>