{"name": "test_create_interface", "status": "broken", "statusDetails": {"message": "selenium.common.exceptions.TimeoutException: Message: \nStacktrace:\n0   chromedriver                        0x0000000104db1408 __gxx_personality_v0 + 543364\n1   chromedriver                        0x0000000104d47138 __gxx_personality_v0 + 108468\n2   chromedriver                        0x00000001049467d8 chromedriver + 157656\n3   chromedriver                        0x0000000104976374 chromedriver + 353140\n4   chromedriver                        0x000000010499f7d4 chromedriver + 522196\n5   chromedriver                        0x000000010496b238 chromedriver + 307768\n6   chromedriver                        0x0000000104d74c7c __gxx_personality_v0 + 295672\n7   chromedriver                        0x0000000104d88bd8 __gxx_personality_v0 + 377428\n8   chromedriver                        0x0000000104d8d2b0 __gxx_personality_v0 + 395564\n9   chromedriver                        0x0000000104d899f8 __gxx_personality_v0 + 381044\n10  chromedriver                        0x0000000104d6a754 __gxx_personality_v0 + 253392\n11  chromedriver                        0x0000000104da2a38 __gxx_personality_v0 + 483508\n12  chromedriver                        0x0000000104da2bac __gxx_personality_v0 + 483880\n13  chromedriver                        0x0000000104db7fec __gxx_personality_v0 + 570984\n14  libsystem_pthread.dylib             0x000000019d0ee06c _pthread_start + 320\n15  libsystem_pthread.dylib             0x000000019d0e8da0 thread_start + 8", "trace": "self = <TestCase.test_testmanage.TestTestManage object at 0x7fcf00522610>\ndrivers = <selenium.webdriver.remote.webdriver.WebDriver (session=\"64d715544b2b55c0ae7b459bad912ff4\")>\n\n    def test_create_interface(self,drivers):\n        \"\"\"创建接口\"\"\"\n        testmange = TestManage(drivers)\n>       testmange.click_first_test_space()  #如果创建用例被注释则打开\n\nTestCase/test_testmanage.py:62: \n_ _ _ _ _ _ _ _ _ _ _ _ _ _ _ _ _ _ _ _ _ _ _ _ _ _ _ _ _ _ _ _ _ _ _ _ _ _ _ _ _ _ _ _ _ _ _ _ _ _ _ _ _ _ _ _ _ _ _ _ _ _ _ _ _ _ _ _ _ _ _ _ _ _ _ _ _ _ _ _ _ _ _ _ _ _ \npage_object/testmanagepage.py:36: in click_first_test_space\n    self.is_click(testmanage['第一个空间'])\npage/webpage.py:87: in is_click\n    ele = self.find_element(locator)\npage/webpage.py:50: in find_element\n    EC.presence_of_element_located(args)), locator)\npage/webpage.py:45: in element_locator\n    return func(cm.LOCATE_MODE[name], value)\npage/webpage.py:50: in <lambda>\n    EC.presence_of_element_located(args)), locator)\n_ _ _ _ _ _ _ _ _ _ _ _ _ _ _ _ _ _ _ _ _ _ _ _ _ _ _ _ _ _ _ _ _ _ _ _ _ _ _ _ _ _ _ _ _ _ _ _ _ _ _ _ _ _ _ _ _ _ _ _ _ _ _ _ _ _ _ _ _ _ _ _ _ _ _ _ _ _ _ _ _ _ _ _ _ _ \n\nself = <selenium.webdriver.support.wait.WebDriverWait (session=\"64d715544b2b55c0ae7b459bad912ff4\")>\nmethod = <function presence_of_element_located.<locals>._predicate at 0x7fced007e4d0>, message = ''\n\n    def until(self, method, message=''):\n        \"\"\"Calls the method provided with the driver as an argument until the \\\n        return value does not evaluate to ``False``.\n    \n        :param method: callable(WebDriver)\n        :param message: optional message for :exc:`TimeoutException`\n        :returns: the result of the last call to `method`\n        :raises: :exc:`selenium.common.exceptions.TimeoutException` if timeout occurs\n        \"\"\"\n        screen = None\n        stacktrace = None\n    \n        end_time = time.time() + self._timeout\n        while True:\n            try:\n                value = method(self._driver)\n                if value:\n                    return value\n            except InvalidSelectorException as e:\n                raise e\n            except self._ignored_exceptions as exc:\n                screen = getattr(exc, 'screen', None)\n                stacktrace = getattr(exc, 'stacktrace', None)\n            time.sleep(self._poll)\n            if time.time() > end_time:\n                break\n>       raise TimeoutException(message, screen, stacktrace)\nE       selenium.common.exceptions.TimeoutException: Message: \nE       Stacktrace:\nE       0   chromedriver                        0x0000000104db1408 __gxx_personality_v0 + 543364\nE       1   chromedriver                        0x0000000104d47138 __gxx_personality_v0 + 108468\nE       2   chromedriver                        0x00000001049467d8 chromedriver + 157656\nE       3   chromedriver                        0x0000000104976374 chromedriver + 353140\nE       4   chromedriver                        0x000000010499f7d4 chromedriver + 522196\nE       5   chromedriver                        0x000000010496b238 chromedriver + 307768\nE       6   chromedriver                        0x0000000104d74c7c __gxx_personality_v0 + 295672\nE       7   chromedriver                        0x0000000104d88bd8 __gxx_personality_v0 + 377428\nE       8   chromedriver                        0x0000000104d8d2b0 __gxx_personality_v0 + 395564\nE       9   chromedriver                        0x0000000104d899f8 __gxx_personality_v0 + 381044\nE       10  chromedriver                        0x0000000104d6a754 __gxx_personality_v0 + 253392\nE       11  chromedriver                        0x0000000104da2a38 __gxx_personality_v0 + 483508\nE       12  chromedriver                        0x0000000104da2bac __gxx_personality_v0 + 483880\nE       13  chromedriver                        0x0000000104db7fec __gxx_personality_v0 + 570984\nE       14  libsystem_pthread.dylib             0x000000019d0ee06c _pthread_start + 320\nE       15  libsystem_pthread.dylib             0x000000019d0e8da0 thread_start + 8\n\n/Library/Frameworks/Python.framework/Versions/3.7/lib/python3.7/site-packages/selenium/webdriver/support/wait.py:89: TimeoutException"}, "description": "创建接口", "attachments": [{"name": "stderr", "source": "bf9941de-c1d8-42aa-ba26-560fda2501f3-attachment.txt", "type": "text/plain"}], "start": 1647952619130, "stop": 1647952640261, "uuid": "058747a0-3cca-4508-b85f-19c3bf60f43a", "historyId": "1e4bbb48c70780fc70eaba8ef25847f8", "testCaseId": "aa767696977c4f0813bcf7d8298dfc56", "fullName": "TestCase.test_testmanage.TestTestManage#test_create_interface", "labels": [{"name": "feature", "value": "测试测试管理模块"}, {"name": "parentSuite", "value": "TestCase"}, {"name": "suite", "value": "test_testmanage"}, {"name": "subSuite", "value": "TestTestManage"}, {"name": "host", "value": "qinleideMacBook-Pro.local"}, {"name": "thread", "value": "13848-MainThread"}, {"name": "framework", "value": "pytest"}, {"name": "language", "value": "cpython3"}, {"name": "package", "value": "TestCase.test_testmanage"}]}