{"name": "test_create_card", "status": "broken", "statusDetails": {"message": "selenium.common.exceptions.ElementClickInterceptedException: Message: element click intercepted: Element <div class=\"_addLabel_1sbmn_72\">...</div> is not clickable at point (347, 687). Other element would receive the click: <div style=\"position: absolute; right: 0px; bottom: 0px; width: 100%; border-top: 1px solid rgb(233, 233, 233); padding: 10px 16px; background: rgb(255, 255, 255); text-align: right; z-index: 9;\">...</div>\n  (Session info: chrome=96.0.4664.55)\nStacktrace:\n0   chromedriver                        0x0000000104db1408 __gxx_personality_v0 + 543364\n1   chromedriver                        0x0000000104d47138 __gxx_personality_v0 + 108468\n2   chromedriver                        0x00000001049467d8 chromedriver + 157656\n3   chromedriver                        0x000000010497c530 chromedriver + 378160\n4   chromedriver                        0x000000010497a75c chromedriver + 370524\n5   chromedriver                        0x0000000104978570 chromedriver + 361840\n6   chromedriver                        0x00000001049772fc chromedriver + 357116\n7   chromedriver                        0x000000010496cd64 chromedriver + 314724\n8   chromedriver                        0x000000010496c75c chromedriver + 313180\n9   chromedriver                        0x000000010499f7d4 chromedriver + 522196\n10  chromedriver                        0x000000010496b238 chromedriver + 307768\n11  chromedriver                        0x0000000104d74c7c __gxx_personality_v0 + 295672\n12  chromedriver                        0x0000000104d88bd8 __gxx_personality_v0 + 377428\n13  chromedriver                        0x0000000104d8d2b0 __gxx_personality_v0 + 395564\n14  chromedriver                        0x0000000104d899f8 __gxx_personality_v0 + 381044\n15  chromedriver                        0x0000000104d6a754 __gxx_personality_v0 + 253392\n16  chromedriver                        0x0000000104da2a38 __gxx_personality_v0 + 483508\n17  chromedriver                        0x0000000104da2bac __gxx_personality_v0 + 483880\n18  chromedriver                        0x0000000104db7fec __gxx_personality_v0 + 570984\n19  libsystem_pthread.dylib             0x000000019d0ee06c _pthread_start + 320\n20  libsystem_pthread.dylib             0x000000019d0e8da0 thread_start + 8", "trace": "self = <TestCase.test_testmanage.TestTestManage object at 0x7fcf005226d0>\ndrivers = <selenium.webdriver.remote.webdriver.WebDriver (session=\"64d715544b2b55c0ae7b459bad912ff4\")>\n\n    def test_create_card(self, drivers):\n        \"\"\"创建用例\"\"\"\n        testmange = TestManage(drivers)\n        testmange.click_first_test_space()\n        testmange.click_new_case()\n        case_name = \"这是ui自动化测试\"\n        testmange.input_case_name(case_name)\n        testmange.click_charge_man()\n        testmange.click_charge_man()  # 选择负责人待优化\n>       testmange.click_create_new_step()\n\nTestCase/test_testmanage.py:51: \n_ _ _ _ _ _ _ _ _ _ _ _ _ _ _ _ _ _ _ _ _ _ _ _ _ _ _ _ _ _ _ _ _ _ _ _ _ _ _ _ _ _ _ _ _ _ _ _ _ _ _ _ _ _ _ _ _ _ _ _ _ _ _ _ _ _ _ _ _ _ _ _ _ _ _ _ _ _ _ _ _ _ _ _ _ _ \npage_object/testmanagepage.py:57: in click_create_new_step\n    self.is_click(testmanage['新增步骤'])\npage/webpage.py:88: in is_click\n    ele.click()\n/Library/Frameworks/Python.framework/Versions/3.7/lib/python3.7/site-packages/selenium/webdriver/remote/webelement.py:81: in click\n    self._execute(Command.CLICK_ELEMENT)\n/Library/Frameworks/Python.framework/Versions/3.7/lib/python3.7/site-packages/selenium/webdriver/remote/webelement.py:710: in _execute\n    return self._parent.execute(command, params)\n/Library/Frameworks/Python.framework/Versions/3.7/lib/python3.7/site-packages/selenium/webdriver/remote/webdriver.py:424: in execute\n    self.error_handler.check_response(response)\n_ _ _ _ _ _ _ _ _ _ _ _ _ _ _ _ _ _ _ _ _ _ _ _ _ _ _ _ _ _ _ _ _ _ _ _ _ _ _ _ _ _ _ _ _ _ _ _ _ _ _ _ _ _ _ _ _ _ _ _ _ _ _ _ _ _ _ _ _ _ _ _ _ _ _ _ _ _ _ _ _ _ _ _ _ _ \n\nself = <selenium.webdriver.remote.errorhandler.ErrorHandler object at 0x7fcf0051d090>\nresponse = {'status': 400, 'value': '{\"value\":{\"error\":\"element click intercepted\",\"message\":\"element click intercepted: Element ...00019d0ee06c _pthread_start + 320\\\\n20  libsystem_pthread.dylib             0x000000019d0e8da0 thread_start + 8\\\\n\"}}'}\n\n    def check_response(self, response: Dict[str, Any]) -> None:\n        \"\"\"\n        Checks that a JSON response from the WebDriver does not have an error.\n    \n        :Args:\n         - response - The JSON response from the WebDriver server as a dictionary\n           object.\n    \n        :Raises: If the response contains an error message.\n        \"\"\"\n        status = response.get('status', None)\n        if not status or status == ErrorCode.SUCCESS:\n            return\n        value = None\n        message = response.get(\"message\", \"\")\n        screen: str = response.get(\"screen\", \"\")\n        stacktrace = None\n        if isinstance(status, int):\n            value_json = response.get('value', None)\n            if value_json and isinstance(value_json, str):\n                import json\n                try:\n                    value = json.loads(value_json)\n                    if len(value.keys()) == 1:\n                        value = value['value']\n                    status = value.get('error', None)\n                    if not status:\n                        status = value.get(\"status\", ErrorCode.UNKNOWN_ERROR)\n                        message = value.get(\"value\") or value.get(\"message\")\n                        if not isinstance(message, str):\n                            value = message\n                            message = message.get('message')\n                    else:\n                        message = value.get('message', None)\n                except ValueError:\n                    pass\n    \n        exception_class: Type[WebDriverException]\n        if status in ErrorCode.NO_SUCH_ELEMENT:\n            exception_class = NoSuchElementException\n        elif status in ErrorCode.NO_SUCH_FRAME:\n            exception_class = NoSuchFrameException\n        elif status in ErrorCode.NO_SUCH_SHADOW_ROOT:\n            exception_class = NoSuchShadowRootException\n        elif status in ErrorCode.NO_SUCH_WINDOW:\n            exception_class = NoSuchWindowException\n        elif status in ErrorCode.STALE_ELEMENT_REFERENCE:\n            exception_class = StaleElementReferenceException\n        elif status in ErrorCode.ELEMENT_NOT_VISIBLE:\n            exception_class = ElementNotVisibleException\n        elif status in ErrorCode.INVALID_ELEMENT_STATE:\n            exception_class = InvalidElementStateException\n        elif status in ErrorCode.INVALID_SELECTOR \\\n                or status in ErrorCode.INVALID_XPATH_SELECTOR \\\n                or status in ErrorCode.INVALID_XPATH_SELECTOR_RETURN_TYPER:\n            exception_class = InvalidSelectorException\n        elif status in ErrorCode.ELEMENT_IS_NOT_SELECTABLE:\n            exception_class = ElementNotSelectableException\n        elif status in ErrorCode.ELEMENT_NOT_INTERACTABLE:\n            exception_class = ElementNotInteractableException\n        elif status in ErrorCode.INVALID_COOKIE_DOMAIN:\n            exception_class = InvalidCookieDomainException\n        elif status in ErrorCode.UNABLE_TO_SET_COOKIE:\n            exception_class = UnableToSetCookieException\n        elif status in ErrorCode.TIMEOUT:\n            exception_class = TimeoutException\n        elif status in ErrorCode.SCRIPT_TIMEOUT:\n            exception_class = TimeoutException\n        elif status in ErrorCode.UNKNOWN_ERROR:\n            exception_class = WebDriverException\n        elif status in ErrorCode.UNEXPECTED_ALERT_OPEN:\n            exception_class = UnexpectedAlertPresentException\n        elif status in ErrorCode.NO_ALERT_OPEN:\n            exception_class = NoAlertPresentException\n        elif status in ErrorCode.IME_NOT_AVAILABLE:\n            exception_class = ImeNotAvailableException\n        elif status in ErrorCode.IME_ENGINE_ACTIVATION_FAILED:\n            exception_class = ImeActivationFailedException\n        elif status in ErrorCode.MOVE_TARGET_OUT_OF_BOUNDS:\n            exception_class = MoveTargetOutOfBoundsException\n        elif status in ErrorCode.JAVASCRIPT_ERROR:\n            exception_class = JavascriptException\n        elif status in ErrorCode.SESSION_NOT_CREATED:\n            exception_class = SessionNotCreatedException\n        elif status in ErrorCode.INVALID_ARGUMENT:\n            exception_class = InvalidArgumentException\n        elif status in ErrorCode.NO_SUCH_COOKIE:\n            exception_class = NoSuchCookieException\n        elif status in ErrorCode.UNABLE_TO_CAPTURE_SCREEN:\n            exception_class = ScreenshotException\n        elif status in ErrorCode.ELEMENT_CLICK_INTERCEPTED:\n            exception_class = ElementClickInterceptedException\n        elif status in ErrorCode.INSECURE_CERTIFICATE:\n            exception_class = InsecureCertificateException\n        elif status in ErrorCode.INVALID_COORDINATES:\n            exception_class = InvalidCoordinatesException\n        elif status in ErrorCode.INVALID_SESSION_ID:\n            exception_class = InvalidSessionIdException\n        elif status in ErrorCode.UNKNOWN_METHOD:\n            exception_class = UnknownMethodException\n        else:\n            exception_class = WebDriverException\n        if not value:\n            value = response['value']\n        if isinstance(value, str):\n            raise exception_class(value)\n        if message == \"\" and 'message' in value:\n            message = value['message']\n    \n        screen = None  # type: ignore[assignment]\n        if 'screen' in value:\n            screen = value['screen']\n    \n        stacktrace = None\n        st_value = value.get('stackTrace') or value.get('stacktrace')\n        if st_value:\n            if isinstance(st_value, str):\n                stacktrace = st_value.split('\\n')\n            else:\n                stacktrace = []\n                try:\n                    for frame in st_value:\n                        line = self._value_or_default(frame, 'lineNumber', '')\n                        file = self._value_or_default(frame, 'fileName', '<anonymous>')\n                        if line:\n                            file = \"%s:%s\" % (file, line)\n                        meth = self._value_or_default(frame, 'methodName', '<anonymous>')\n                        if 'className' in frame:\n                            meth = \"%s.%s\" % (frame['className'], meth)\n                        msg = \"    at %s (%s)\"\n                        msg = msg % (meth, file)\n                        stacktrace.append(msg)\n                except TypeError:\n                    pass\n        if exception_class == UnexpectedAlertPresentException:\n            alert_text = None\n            if 'data' in value:\n                alert_text = value['data'].get('text')\n            elif 'alert' in value:\n                alert_text = value['alert'].get('text')\n            raise exception_class(message, screen, stacktrace, alert_text)  # type: ignore[call-arg]  # mypy is not smart enough here\n>       raise exception_class(message, screen, stacktrace)\nE       selenium.common.exceptions.ElementClickInterceptedException: Message: element click intercepted: Element <div class=\"_addLabel_1sbmn_72\">...</div> is not clickable at point (347, 687). Other element would receive the click: <div style=\"position: absolute; right: 0px; bottom: 0px; width: 100%; border-top: 1px solid rgb(233, 233, 233); padding: 10px 16px; background: rgb(255, 255, 255); text-align: right; z-index: 9;\">...</div>\nE         (Session info: chrome=96.0.4664.55)\nE       Stacktrace:\nE       0   chromedriver                        0x0000000104db1408 __gxx_personality_v0 + 543364\nE       1   chromedriver                        0x0000000104d47138 __gxx_personality_v0 + 108468\nE       2   chromedriver                        0x00000001049467d8 chromedriver + 157656\nE       3   chromedriver                        0x000000010497c530 chromedriver + 378160\nE       4   chromedriver                        0x000000010497a75c chromedriver + 370524\nE       5   chromedriver                        0x0000000104978570 chromedriver + 361840\nE       6   chromedriver                        0x00000001049772fc chromedriver + 357116\nE       7   chromedriver                        0x000000010496cd64 chromedriver + 314724\nE       8   chromedriver                        0x000000010496c75c chromedriver + 313180\nE       9   chromedriver                        0x000000010499f7d4 chromedriver + 522196\nE       10  chromedriver                        0x000000010496b238 chromedriver + 307768\nE       11  chromedriver                        0x0000000104d74c7c __gxx_personality_v0 + 295672\nE       12  chromedriver                        0x0000000104d88bd8 __gxx_personality_v0 + 377428\nE       13  chromedriver                        0x0000000104d8d2b0 __gxx_personality_v0 + 395564\nE       14  chromedriver                        0x0000000104d899f8 __gxx_personality_v0 + 381044\nE       15  chromedriver                        0x0000000104d6a754 __gxx_personality_v0 + 253392\nE       16  chromedriver                        0x0000000104da2a38 __gxx_personality_v0 + 483508\nE       17  chromedriver                        0x0000000104da2bac __gxx_personality_v0 + 483880\nE       18  chromedriver                        0x0000000104db7fec __gxx_personality_v0 + 570984\nE       19  libsystem_pthread.dylib             0x000000019d0ee06c _pthread_start + 320\nE       20  libsystem_pthread.dylib             0x000000019d0e8da0 thread_start + 8\n\n/Library/Frameworks/Python.framework/Versions/3.7/lib/python3.7/site-packages/selenium/webdriver/remote/errorhandler.py:247: ElementClickInterceptedException"}, "description": "创建用例", "attachments": [{"name": "log", "source": "89e3c272-96f6-4d78-a997-4f6337fbe7ea-attachment.txt", "type": "text/plain"}, {"name": "stderr", "source": "a1b54bfc-1ff6-4165-8139-f389924f071a-attachment.txt", "type": "text/plain"}], "start": 1647952601827, "stop": 1647952619083, "uuid": "981b34dc-2ccd-403a-8ad7-0fed232ec7f3", "historyId": "ad8eaea3c0a19c5c1cb1104ecc08e4a9", "testCaseId": "944d31097a1c41820380ee2d900eca5c", "fullName": "TestCase.test_testmanage.TestTestManage#test_create_card", "labels": [{"name": "feature", "value": "测试测试管理模块"}, {"name": "parentSuite", "value": "TestCase"}, {"name": "suite", "value": "test_testmanage"}, {"name": "subSuite", "value": "TestTestManage"}, {"name": "host", "value": "qinleideMacBook-Pro.local"}, {"name": "thread", "value": "13848-MainThread"}, {"name": "framework", "value": "pytest"}, {"name": "language", "value": "cpython3"}, {"name": "package", "value": "TestCase.test_testmanage"}]}